<?xml version="1.0" encoding="UTF-8"?>
<testng-results ignored="0" total="5" passed="5" failed="0" skipped="0">
  <reporter-output>
  </reporter-output>
  <suite started-at="2023-08-03T09:54:28 IST" name="OpencartSuite" finished-at="2023-08-03T09:55:20 IST" duration-ms="52417">
    <groups>
    </groups>
    <test started-at="2023-08-03T09:54:28 IST" name="OpencartTest" finished-at="2023-08-03T09:55:20 IST" duration-ms="52417">
      <class name="testCases.TC_003_LoginDataDrivenTest">
        <test-method is-config="true" signature="setup(java.lang.String)[pri:0, instance:testCases.TC_003_LoginDataDrivenTest@4f80542f]" started-at="2023-08-03T09:54:28 IST" name="setup" finished-at="2023-08-03T09:54:40 IST" duration-ms="11932" status="PASS">
          <params>
            <param index="0">
              <value>
                <![CDATA[chrome]]>
              </value>
            </param>
          </params>
          <reporter-output>
          </reporter-output>
        </test-method> <!-- setup -->
        <test-method signature="test_loginDDT(java.lang.String,java.lang.String,java.lang.String)[pri:0, instance:testCases.TC_003_LoginDataDrivenTest@4f80542f]" started-at="2023-08-03T09:54:46 IST" name="test_loginDDT" data-provider="LoginData" finished-at="2023-08-03T09:54:50 IST" duration-ms="3452" status="PASS">
          <params>
            <param index="0">
              <value>
                <![CDATA[pavanoltraining@gmail.com]]>
              </value>
            </param>
            <param index="1">
              <value>
                <![CDATA[test@123]]>
              </value>
            </param>
            <param index="2">
              <value>
                <![CDATA[Valid]]>
              </value>
            </param>
          </params>
          <reporter-output>
          </reporter-output>
        </test-method> <!-- test_loginDDT -->
        <test-method signature="test_loginDDT(java.lang.String,java.lang.String,java.lang.String)[pri:0, instance:testCases.TC_003_LoginDataDrivenTest@4f80542f]" started-at="2023-08-03T09:54:50 IST" name="test_loginDDT" data-provider="LoginData" finished-at="2023-08-03T09:54:53 IST" duration-ms="2749" status="PASS">
          <params>
            <param index="0">
              <value>
                <![CDATA[Misc@gmail.com]]>
              </value>
            </param>
            <param index="1">
              <value>
                <![CDATA[misc@123]]>
              </value>
            </param>
            <param index="2">
              <value>
                <![CDATA[Valid]]>
              </value>
            </param>
          </params>
          <reporter-output>
          </reporter-output>
        </test-method> <!-- test_loginDDT -->
        <test-method signature="test_loginDDT(java.lang.String,java.lang.String,java.lang.String)[pri:0, instance:testCases.TC_003_LoginDataDrivenTest@4f80542f]" started-at="2023-08-03T09:54:53 IST" name="test_loginDDT" data-provider="LoginData" finished-at="2023-08-03T09:55:04 IST" duration-ms="11553" status="PASS">
          <params>
            <param index="0">
              <value>
                <![CDATA[laksh@yahoo.com]]>
              </value>
            </param>
            <param index="1">
              <value>
                <![CDATA[Lakshmi]]>
              </value>
            </param>
            <param index="2">
              <value>
                <![CDATA[Invalid]]>
              </value>
            </param>
          </params>
          <reporter-output>
          </reporter-output>
        </test-method> <!-- test_loginDDT -->
        <test-method signature="test_loginDDT(java.lang.String,java.lang.String,java.lang.String)[pri:0, instance:testCases.TC_003_LoginDataDrivenTest@4f80542f]" started-at="2023-08-03T09:55:04 IST" name="test_loginDDT" data-provider="LoginData" finished-at="2023-08-03T09:55:16 IST" duration-ms="12109" status="PASS">
          <params>
            <param index="0">
              <value>
                <![CDATA[laks@yahoo.com]]>
              </value>
            </param>
            <param index="1">
              <value>
                <![CDATA[xyz]]>
              </value>
            </param>
            <param index="2">
              <value>
                <![CDATA[Invalid]]>
              </value>
            </param>
          </params>
          <reporter-output>
          </reporter-output>
        </test-method> <!-- test_loginDDT -->
        <test-method signature="test_loginDDT(java.lang.String,java.lang.String,java.lang.String)[pri:0, instance:testCases.TC_003_LoginDataDrivenTest@4f80542f]" started-at="2023-08-03T09:55:16 IST" name="test_loginDDT" data-provider="LoginData" finished-at="2023-08-03T09:55:20 IST" duration-ms="3248" status="PASS">
          <params>
            <param index="0">
              <value>
                <![CDATA[Win@gmail.com]]>
              </value>
            </param>
            <param index="1">
              <value>
                <![CDATA[win@123]]>
              </value>
            </param>
            <param index="2">
              <value>
                <![CDATA[Valid]]>
              </value>
            </param>
          </params>
          <reporter-output>
          </reporter-output>
        </test-method> <!-- test_loginDDT -->
        <test-method is-config="true" signature="tearDown()[pri:0, instance:testCases.TC_003_LoginDataDrivenTest@4f80542f]" started-at="2023-08-03T09:55:20 IST" name="tearDown" finished-at="2023-08-03T09:55:20 IST" duration-ms="402" status="PASS">
          <reporter-output>
          </reporter-output>
        </test-method> <!-- tearDown -->
      </class> <!-- testCases.TC_003_LoginDataDrivenTest -->
    </test> <!-- OpencartTest -->
  </suite> <!-- OpencartSuite -->
</testng-results>
