<?xml version="1.0" encoding="UTF-8"?>
<!-- Generated by org.testng.reporters.JUnitXMLReporter -->
<testsuite ignored="0" hostname="DESKTOP-D9O7CCN" failures="0" tests="5" name="OpencartTest" time="52.417" errors="0" timestamp="2023-08-03T09:55:20 IST">
  <testcase classname="testCases.TC_003_LoginDataDrivenTest" name="test_loginDDT" time="3.452"/>
  <testcase classname="testCases.TC_003_LoginDataDrivenTest" name="test_loginDDT" time="2.749"/>
  <testcase classname="testCases.TC_003_LoginDataDrivenTest" name="test_loginDDT" time="11.553"/>
  <testcase classname="testCases.TC_003_LoginDataDrivenTest" name="test_loginDDT" time="12.109"/>
  <testcase classname="testCases.TC_003_LoginDataDrivenTest" name="test_loginDDT" time="3.248"/>
</testsuite> <!-- OpencartTest -->
